0 info it worked if it ends with ok
1 verbose cli [ 'C:\\Program Files\\nodejs\\node.exe',
1 verbose cli   'C:\\Program Files\\nodejs\\node_modules\\npm\\bin\\npm-cli.js',
1 verbose cli   'run',
1 verbose cli   'test' ]
2 info using npm@3.9.3
3 info using node@v6.2.1
4 verbose run-script [ 'pretest', 'test', 'posttest' ]
5 info lifecycle eslint-plugin-unicorn@1.0.0~pretest: eslint-plugin-unicorn@1.0.0
6 silly lifecycle eslint-plugin-unicorn@1.0.0~pretest: no script for pretest, continuing
7 info lifecycle eslint-plugin-unicorn@1.0.0~test: eslint-plugin-unicorn@1.0.0
8 verbose lifecycle eslint-plugin-unicorn@1.0.0~test: unsafe-perm in lifecycle true
9 verbose lifecycle eslint-plugin-unicorn@1.0.0~test: PATH: C:\Program Files\nodejs\node_modules\npm\bin\node-gyp-bin;C:\Users\brandon\Documents\Projects\eslint-plugin-unicorn\node_modules\.bin;C:\Program Files\nodejs;C:\Users\brandon\bin;C:\Program Files (x86)\Git\mingw32\bin;C:\Program Files (x86)\Git\usr\local\bin;C:\Program Files (x86)\Git\usr\bin;C:\Program Files (x86)\Git\usr\bin;C:\Program Files (x86)\Git\mingw32\bin;C:\Program Files (x86)\Git\usr\bin;C:\Users\brandon\bin;C:\Program Files\Haskell\bin;C:\Program Files\Haskell Platform\8.0.1\lib\extralibs\bin;C:\Program Files\Haskell Platform\8.0.1\bin;C:\ProgramData\Oracle\Java\javapath;C:\Windows\system32;C:\Windows;C:\Windows\System32\Wbem;C:\Windows\System32\WindowsPowerShell\v1.0;C:\Program Files\Microsoft SQL Server\Client SDK\ODBC\110\Tools\Binn;C:\Program Files (x86)\Microsoft SQL Server\120\Tools\Binn\ManagementStudio;C:\Program Files (x86)\Microsoft SQL Server\120\Tools\Binn;C:\Program Files\Microsoft SQL Server\120\Tools\Binn;C:\Program Files (x86)\Microsoft SQL Server\120\DTS\Binn;C:\Program Files (x86)\Skype\Phone;C:\Program Files\nodejs;C:\Ruby23-x64\bin;C:\Program Files\dotnet;C:\Windows\system32\config\systemprofile\.dnx\bin;C:\Program Files\Microsoft DNX\Dnvm;C:\Program Files\Microsoft SQL Server\130\Tools\Binn;C:\Program Files (x86)\Heroku\bin;C:\Program Files (x86)\git\cmd;C:\Program Files (x86)\Git\cmd;C:\Program Files (x86)\sbt\bin;C:\Program Files\Haskell Platform\8.0.1\mingw\bin;C:\Users\brandon\AppData\Roaming\cabal\bin;C:\Users\brandon\AppData\Roaming\local\bin;C:\Program Files (x86)\Elm Platform\0.17.1\bin;C:\Users\brandon\.dnx\runtimes\dnx-clr-win-x86.1.0.0-rc1-update2\bin;C:\Users\brandon\.dnx\bin;C:\Users\brandon\AppData\Local\.meteor;C:\Users\brandon\AppData\Roaming\npm;C:\Users\brandon\AppData\Local\atom\bin;C:\Program Files (x86)\Git\usr\bin\vendor_perl;C:\Program Files (x86)\Git\usr\bin\core_perl
10 verbose lifecycle eslint-plugin-unicorn@1.0.0~test: CWD: C:\Users\brandon\Documents\Projects\eslint-plugin-unicorn
11 silly lifecycle eslint-plugin-unicorn@1.0.0~test: Args: [ '/d /s /c', 'xo && nyc ava' ]
12 silly lifecycle eslint-plugin-unicorn@1.0.0~test: Returned: code: 1  signal: null
13 info lifecycle eslint-plugin-unicorn@1.0.0~test: Failed to exec test script
14 verbose stack Error: eslint-plugin-unicorn@1.0.0 test: `xo && nyc ava`
14 verbose stack Exit status 1
14 verbose stack     at EventEmitter.<anonymous> (C:\Program Files\nodejs\node_modules\npm\lib\utils\lifecycle.js:245:16)
14 verbose stack     at emitTwo (events.js:106:13)
14 verbose stack     at EventEmitter.emit (events.js:191:7)
14 verbose stack     at ChildProcess.<anonymous> (C:\Program Files\nodejs\node_modules\npm\lib\utils\spawn.js:24:14)
14 verbose stack     at emitTwo (events.js:106:13)
14 verbose stack     at ChildProcess.emit (events.js:191:7)
14 verbose stack     at maybeClose (internal/child_process.js:852:16)
14 verbose stack     at Process.ChildProcess._handle.onexit (internal/child_process.js:215:5)
15 verbose pkgid eslint-plugin-unicorn@1.0.0
16 verbose cwd C:\Users\brandon\Documents\Projects\eslint-plugin-unicorn
17 error Windows_NT 6.3.9600
18 error argv "C:\\Program Files\\nodejs\\node.exe" "C:\\Program Files\\nodejs\\node_modules\\npm\\bin\\npm-cli.js" "run" "test"
19 error node v6.2.1
20 error npm  v3.9.3
21 error code ELIFECYCLE
22 error eslint-plugin-unicorn@1.0.0 test: `xo && nyc ava`
22 error Exit status 1
23 error Failed at the eslint-plugin-unicorn@1.0.0 test script 'xo && nyc ava'.
23 error Make sure you have the latest version of node.js and npm installed.
23 error If you do, this is most likely a problem with the eslint-plugin-unicorn package,
23 error not with npm itself.
23 error Tell the author that this fails on your system:
23 error     xo && nyc ava
23 error You can get information on how to open an issue for this project with:
23 error     npm bugs eslint-plugin-unicorn
23 error Or if that isn't available, you can get their info via:
23 error     npm owner ls eslint-plugin-unicorn
23 error There is likely additional logging output above.
24 verbose exit [ 1, true ]
